;  LST file generated by mikroListExporter - v.2.0 
; Date/Time: 15/05/2023 17:06:25
;----------------------------------------------

;Address Opcode 	ASM
0x0000	0xF000EF0E  	GOTO        28
0x0004	0x0000      	NOP
0x0006	0x0000      	NOP
0x0008	0xF000EF00  	GOTO        0
0x000C	0x0000      	NOP
0x000E	0x0000      	NOP
0x0010	0x0000      	NOP
0x0012	0x0000      	NOP
0x0014	0x0000      	NOP
0x0016	0x0000      	NOP
0x0018	0xD7F3      	BRA         0
_main:
;Quest_o11.c,1 :: 		void main()
;Quest_o11.c,3 :: 		TRISD = 0x00; // Define a porta D como saída
0x001C	0x6A95      	CLRF        TRISD 
;Quest_o11.c,4 :: 		LATB = 0x00; // Define todos os bits da porta B como 0 (desliga os LEDs)
0x001E	0x6A8A      	CLRF        LATB 
;Quest_o11.c,5 :: 		LATD = 0x00; // Define todos os bits da porta B como 0 (desliga os LEDs)
0x0020	0x6A8C      	CLRF        LATD 
;Quest_o11.c,6 :: 		TRISB = 0x00; // Define a porta B como saída
0x0022	0x6A93      	CLRF        TRISB 
;Quest_o11.c,8 :: 		while(1) // Loop infinito
L_main0:
;Quest_o11.c,12 :: 		for(i=0; i<8; i++) // Loop de 0 a 7 (8 LEDs)
0x0024	0x6A02      	CLRF        R2 
0x0026	0x6A03      	CLRF        R3 
L_main2:
0x0028	0x0E80      	MOVLW       128
0x002A	0x1803      	XORWF       R3, 0 
0x002C	0x6E00      	MOVWF       R0 
0x002E	0x0E80      	MOVLW       128
0x0030	0x5C00      	SUBWF       R0, 0 
0x0032	0xE102      	BNZ         L__main7
0x0034	0x0E08      	MOVLW       8
0x0036	0x5C02      	SUBWF       R2, 0 
L__main7:
0x0038	0xE221      	BC          L_main3
;Quest_o11.c,15 :: 		LATD = (1 << i);  // Liga o LED conectado ao bit i da porta D
0x003A	0xF001C002  	MOVFF       R2, R1
0x003E	0x0E01      	MOVLW       1
0x0040	0x6E00      	MOVWF       R0 
0x0042	0x5001      	MOVF        R1, 0 
L__main8:
0x0044	0xE004      	BZ          L__main9
0x0046	0x3600      	RLCF        R0, 1 
0x0048	0x9000      	BCF         R0, 0 
0x004A	0x0FFF      	ADDLW       255
0x004C	0xD7FB      	BRA         L__main8
L__main9:
0x004E	0xFF8CC000  	MOVFF       R0, LATD
;Quest_o11.c,16 :: 		LATB = (1 << i); // Liga o LED conectado ao bit i da porta B
0x0052	0xFF8AC000  	MOVFF       R0, LATB
;Quest_o11.c,17 :: 		Delay_ms(500); // Aguarda 500ms
0x0056	0x0E06      	MOVLW       6
0x0058	0x6E0B      	MOVWF       R11, 0
0x005A	0x0E13      	MOVLW       19
0x005C	0x6E0C      	MOVWF       R12, 0
0x005E	0x0EAD      	MOVLW       173
0x0060	0x6E0D      	MOVWF       R13, 0
L_main5:
0x0062	0x2E0D      	DECFSZ      R13, 1, 0
0x0064	0xD7FE      	BRA         L_main5
0x0066	0x2E0C      	DECFSZ      R12, 1, 0
0x0068	0xD7FC      	BRA         L_main5
0x006A	0x2E0B      	DECFSZ      R11, 1, 0
0x006C	0xD7FA      	BRA         L_main5
0x006E	0x0000      	NOP
0x0070	0x0000      	NOP
;Quest_o11.c,18 :: 		LATB = 0x00; // Desliga todos os LEDs
0x0072	0x6A8A      	CLRF        LATB 
;Quest_o11.c,19 :: 		LATD = 0x00; // Desliga todos os LEDs
0x0074	0x6A8C      	CLRF        LATD 
;Quest_o11.c,12 :: 		for(i=0; i<8; i++) // Loop de 0 a 7 (8 LEDs)
0x0076	0x4A02      	INFSNZ      R2, 1 
0x0078	0x2A03      	INCF        R3, 1 
;Quest_o11.c,20 :: 		}
0x007A	0xD7D6      	BRA         L_main2
L_main3:
;Quest_o11.c,21 :: 		}
0x007C	0xD7D3      	BRA         L_main0
;Quest_o11.c,22 :: 		}
L_end_main:
0x007E	0xD7FF      	BRA         $+0
; end of _main
Symbol List:
//** Routines locations **
//ADDRESS    SIZE    PROCEDURE
//----------------------------------------------
0x001C     [100]    _main
//** Variables locations ** 
//ADDRESS    SIZE    VARIABLE
//----------------------------------------------
0x0000       [1]    R0
0x0001       [1]    R1
0x0002       [2]    main_i_L1
0x0002       [1]    R2
0x0003       [1]    R3
0x0004       [1]    R4
0x0005       [1]    R5
0x0006       [1]    R6
0x0007       [1]    R7
0x0008       [1]    R8
0x0009       [1]    R9
0x000A       [1]    R10
0x000B       [1]    R11
0x000C       [1]    R12
0x000D       [1]    R13
0x000E       [1]    R14
0x000F       [1]    R15
0x0010       [1]    R16
0x0011       [1]    R17
0x0012       [1]    R18
0x0013       [1]    R19
0x0014       [1]    R20
0x0F8A       [1]    LATB
0x0F8C       [1]    LATD
0x0F93       [1]    TRISB
0x0F95       [1]    TRISD
0x0FD8       [1]    STATUS
0x0FD9       [1]    FSR2L
0x0FDA       [1]    FSR2H
0x0FDE       [1]    POSTINC2
0x0FE0       [1]    BSR
0x0FE1       [1]    FSR1L
0x0FE2       [1]    FSR1H
0x0FE4       [1]    PREINC1
0x0FE6       [1]    POSTINC1
0x0FE7       [1]    INDF1
0x0FE8       [1]    WREG
0x0FE9       [1]    FSR0L
0x0FEA       [1]    FSR0H
0x0FEE       [1]    POSTINC0
0x0FF3       [1]    PRODL
0x0FF4       [1]    PRODH
0x0FF5       [1]    TABLAT
0x0FF6       [1]    TBLPTRL
0x0FF7       [1]    TBLPTRH
0x0FF8       [1]    TBLPTRU
